<?xml version="1.0" encoding="UTF-8"?>
<!-- Generated by org.testng.reporters.JUnitReportReporter -->
<testsuite hostname="v-frontend" failures="0" tests="10" name="opencart.tests.CartTest" time="50.034" errors="0" timestamp="2022-11-07T09:31:51 IST" skipped="0">
  <testcase classname="opencart.tests.CartTest" name="addToCartUsingIcon" time="9.783"/>
  <system-out/>
  <testcase classname="opencart.tests.CartTest" name="viewCart1" time="4.568"/>
  <system-out/>
  <testcase classname="opencart.tests.CartTest" name="ContinueShopping" time="2.243"/>
  <system-out/>
  <testcase classname="opencart.tests.CartTest" name="AddToCartAfterViewing1" time="6.685"/>
  <system-out/>
  <testcase classname="opencart.tests.CartTest" name="AddToCartAfterViewing2" time="6.534"/>
  <system-out/>
  <testcase classname="opencart.tests.CartTest" name="AddToCartAfterViewing3" time="7.001"/>
  <system-out/>
  <testcase classname="opencart.tests.CartTest" name="viewCart2" time="4.051"/>
  <system-out/>
  <testcase classname="opencart.tests.CartTest" name="RemoveFromCart" time="1.626"/>
  <system-out/>
  <testcase classname="opencart.tests.CartTest" name="viewItem" time="4.287"/>
  <system-out/>
  <testcase classname="opencart.tests.CartTest" name="CheckoutPage" time="3.256"/>
  <system-out/>
</testsuite> <!-- opencart.tests.CartTest -->
