<?xml version="1.0" encoding="UTF-8"?>
<!-- Generated by org.testng.reporters.JUnitReportReporter -->
<testsuite hostname="v-frontend" failures="0" tests="1" name="opencart.tests.LogoutTest" time="7.929" errors="0" timestamp="2022-11-07T09:31:51 IST" skipped="0">
  <testcase classname="opencart.tests.LogoutTest" name="logoutTest" time="7.929"/>
  <system-out/>
</testsuite> <!-- opencart.tests.LogoutTest -->
