<?xml version="1.0" encoding="UTF-8"?>
<!-- Generated by org.testng.reporters.JUnitReportReporter -->
<testsuite hostname="v-frontend" failures="0" tests="1" name="opencart.tests.ReportConfiguration" time="0.034" errors="0" timestamp="2022-10-19T13:35:28 IST" skipped="0">
  <testcase classname="opencart.tests.ReportConfiguration" name="test1" time="0.034"/>
  <system-out/>
</testsuite> <!-- opencart.tests.ReportConfiguration -->
