<?xml version="1.0" encoding="UTF-8"?>
<!-- Generated by org.testng.reporters.JUnitReportReporter -->
<testsuite hostname="v-frontend" failures="0" tests="3" name="opencart.tests.ContactTest" time="61.412" errors="0" timestamp="2022-11-07T09:31:51 IST" skipped="0">
  <testcase classname="opencart.tests.ContactTest" name="contactTest" time="20.126"/>
  <system-out/>
  <testcase classname="opencart.tests.ContactTest" name="contactTest" time="20.625"/>
  <system-out/>
  <testcase classname="opencart.tests.ContactTest" name="contactTest" time="20.661"/>
  <system-out/>
</testsuite> <!-- opencart.tests.ContactTest -->
