<?xml version="1.0" encoding="UTF-8"?>
<!-- Generated by org.testng.reporters.JUnitReportReporter -->
<testsuite hostname="v-frontend" failures="0" tests="6" name="opencart.tests.SearchProjectTest" time="83.854" errors="0" timestamp="2022-11-04T11:44:32 IST" skipped="0">
  <testcase classname="opencart.tests.SearchProjectTest" name="Test3" time="10.401"/>
  <system-out/>
  <testcase classname="opencart.tests.SearchProjectTest" name="Test1" time="11.499"/>
  <system-out/>
  <testcase classname="opencart.tests.SearchProjectTest" name="Test6" time="17.301"/>
  <system-out/>
  <testcase classname="opencart.tests.SearchProjectTest" name="Test4" time="13.847"/>
  <system-out/>
  <testcase classname="opencart.tests.SearchProjectTest" name="Test5" time="17.307"/>
  <system-out/>
  <testcase classname="opencart.tests.SearchProjectTest" name="Test2" time="13.499"/>
  <system-out/>
</testsuite> <!-- opencart.tests.SearchProjectTest -->
