<?xml version="1.0" encoding="UTF-8"?>
<!-- Generated by org.testng.reporters.JUnitReportReporter -->
<testsuite hostname="v-frontend" failures="0" tests="1" name="opencart.tests.SubscriptionTest" time="15.686" errors="0" timestamp="2022-11-07T09:31:51 IST" skipped="0">
  <testcase classname="opencart.tests.SubscriptionTest" name="loginPageTest" time="15.686"/>
  <system-out/>
</testsuite> <!-- opencart.tests.SubscriptionTest -->
