<?xml version="1.0" encoding="UTF-8"?>
<!-- Generated by org.testng.reporters.JUnitReportReporter -->
<testsuite hostname="v-frontend" failures="0" tests="3" name="opencart.tests.EditAccountTest" time="47.149" errors="0" timestamp="2022-11-07T10:53:59 IST" skipped="0">
  <testcase classname="opencart.tests.EditAccountTest" name="editAccountFirstName" time="14.957"/>
  <system-out/>
  <testcase classname="opencart.tests.EditAccountTest" name="editAccountLastName" time="14.289"/>
  <system-out/>
  <testcase classname="opencart.tests.EditAccountTest" name="editAccountEmail" time="17.903"/>
  <system-out/>
</testsuite> <!-- opencart.tests.EditAccountTest -->
