<?xml version="1.0" encoding="UTF-8"?>
<!-- Generated by org.testng.reporters.JUnitReportReporter -->
<testsuite hostname="v-frontend" failures="0" tests="1" name="opencart.tests.ChangePasswordTest" time="16.444" errors="0" timestamp="2022-11-07T11:11:45 IST" skipped="0">
  <testcase classname="opencart.tests.ChangePasswordTest" name="changePasswordPageTest" time="16.444"/>
  <system-out/>
</testsuite> <!-- opencart.tests.ChangePasswordTest -->
