<?xml version="1.0" encoding="UTF-8"?>
<!-- Generated by org.testng.reporters.JUnitReportReporter -->
<testsuite hostname="v-frontend" failures="0" tests="1" name="opencart.tests.Testtesting" time="8.366" errors="0" timestamp="2022-11-01T10:12:22 IST" skipped="0">
  <testcase classname="opencart.tests.Testtesting" name="test01" time="8.366"/>
  <system-out/>
</testsuite> <!-- opencart.tests.Testtesting -->
