<?xml version="1.0" encoding="UTF-8"?>
<!-- Generated by org.testng.reporters.JUnitReportReporter -->
<testsuite hostname="v-frontend" failures="0" tests="4" name="opencart.tests.SearchTest" time="15.538" errors="0" timestamp="2022-11-07T09:31:51 IST" skipped="0">
  <testcase classname="opencart.tests.SearchTest" name="Operation" time="4.349"/>
  <system-out/>
  <testcase classname="opencart.tests.SearchTest" name="Operation" time="4.701"/>
  <system-out/>
  <testcase classname="opencart.tests.SearchTest" name="Operation" time="3.654"/>
  <system-out/>
  <testcase classname="opencart.tests.SearchTest" name="Filtering" time="2.834"/>
  <system-out/>
</testsuite> <!-- opencart.tests.SearchTest -->
