<?xml version="1.0" encoding="UTF-8"?>
<!-- Generated by org.testng.reporters.JUnitReportReporter -->
<testsuite hostname="v-frontend" failures="0" tests="10" name="opencart.tests.browsingTest" time="144.571" errors="0" timestamp="2022-11-07T09:31:51 IST" skipped="0">
  <testcase classname="opencart.tests.browsingTest" name="testBrowse" time="21.813"/>
  <system-out/>
  <testcase classname="opencart.tests.browsingTest" name="testDesktopTab" time="16.809"/>
  <system-out/>
  <testcase classname="opencart.tests.browsingTest" name="testLaptopTab" time="13.589"/>
  <system-out/>
  <testcase classname="opencart.tests.browsingTest" name="testComponentTab" time="18.073"/>
  <system-out/>
  <testcase classname="opencart.tests.browsingTest" name="testTabletsTab" time="9.253"/>
  <system-out/>
  <testcase classname="opencart.tests.browsingTest" name="testSoftwareTab" time="4.388"/>
  <system-out/>
  <testcase classname="opencart.tests.browsingTest" name="testPhonesTab" time="9.699"/>
  <system-out/>
  <testcase classname="opencart.tests.browsingTest" name="testCamerasTab" time="7.664"/>
  <system-out/>
  <testcase classname="opencart.tests.browsingTest" name="testMp3Tab" time="11.039"/>
  <system-out/>
  <testcase classname="opencart.tests.browsingTest" name="testHomePage" time="32.244"/>
  <system-out/>
</testsuite> <!-- opencart.tests.browsingTest -->
