<?xml version="1.0" encoding="UTF-8"?>
<!-- Generated by org.testng.reporters.JUnitReportReporter -->
<testsuite hostname="v-frontend" failures="0" tests="3" name="opencart.tests.CompareTest" time="39.191" errors="0" timestamp="2022-11-07T09:31:51 IST" skipped="0">
  <testcase classname="opencart.tests.CompareTest" name="compare" time="17.519"/>
  <system-out/>
  <testcase classname="opencart.tests.CompareTest" name="compare" time="17.582"/>
  <system-out/>
  <testcase classname="opencart.tests.CompareTest" name="RemoveFromCompare" time="4.090"/>
  <system-out/>
</testsuite> <!-- opencart.tests.CompareTest -->
