<?xml version="1.0" encoding="UTF-8"?>
<!-- Generated by org.testng.reporters.JUnitReportReporter -->
<testsuite hostname="v-frontend" failures="0" tests="3" name="opencart.tests.AffiliateTest" time="66.687" errors="0" timestamp="2022-11-07T09:31:51 IST" skipped="0">
  <testcase classname="opencart.tests.AffiliateTest" name="editAddAffiliateCheque" time="21.887"/>
  <system-out/>
  <testcase classname="opencart.tests.AffiliateTest" name="editAddAffiliatePayPal" time="21.279"/>
  <system-out/>
  <testcase classname="opencart.tests.AffiliateTest" name="editAddAffiliateBankTransfer" time="23.521"/>
  <system-out/>
</testsuite> <!-- opencart.tests.AffiliateTest -->
