<?xml version="1.0" encoding="UTF-8"?>
<!-- Generated by org.testng.reporters.JUnitReportReporter -->
<testsuite hostname="v-frontend" failures="0" tests="5" name="opencart.tests.LoginTest" time="48.775" errors="0" timestamp="2022-11-07T09:31:51 IST" skipped="0">
  <testcase classname="opencart.tests.LoginTest" name="Test2" time="9.677"/>
  <system-out/>
  <testcase classname="opencart.tests.LoginTest" name="Test1" time="9.846"/>
  <system-out/>
  <testcase classname="opencart.tests.LoginTest" name="Test1" time="9.828"/>
  <system-out/>
  <testcase classname="opencart.tests.LoginTest" name="Test1" time="9.549"/>
  <system-out/>
  <testcase classname="opencart.tests.LoginTest" name="Test3" time="9.875"/>
  <system-out/>
</testsuite> <!-- opencart.tests.LoginTest -->
