<?xml version="1.0" encoding="UTF-8"?>
<!-- Generated by org.testng.reporters.JUnitReportReporter -->
<testsuite hostname="v-frontend" failures="0" tests="3" name="opencart.tests.SelectCurrencyTest" time="23.572" errors="0" timestamp="2022-11-07T09:31:51 IST" skipped="0">
  <testcase classname="opencart.tests.SelectCurrencyTest" name="selectEuroTest" time="8.129"/>
  <system-out/>
  <testcase classname="opencart.tests.SelectCurrencyTest" name="selectUSDollar" time="7.508"/>
  <system-out/>
  <testcase classname="opencart.tests.SelectCurrencyTest" name="selectPoundTest" time="7.935"/>
  <system-out/>
</testsuite> <!-- opencart.tests.SelectCurrencyTest -->
