<?xml version="1.0" encoding="UTF-8"?>
<!-- Generated by org.testng.reporters.JUnitReportReporter -->
<testsuite hostname="v-frontend" failures="0" tests="1" name="opencart.tests.ForgottonPasswordTest" time="8.020" errors="0" timestamp="2022-09-21T15:09:17 IST" skipped="0">
  <testcase classname="opencart.tests.ForgottonPasswordTest" name="forgotP" time="8.020"/>
  <system-out/>
</testsuite> <!-- opencart.tests.ForgottonPasswordTest -->
