<?xml version="1.0" encoding="UTF-8"?>
<!-- Generated by org.testng.reporters.JUnitReportReporter -->
<testsuite hostname="v-frontend" failures="0" tests="4" name="opencart.tests.WishlistTest" time="54.228" errors="0" timestamp="2022-11-07T09:31:51 IST" skipped="0">
  <testcase classname="opencart.tests.WishlistTest" name="Test1" time="13.926"/>
  <system-out/>
  <testcase classname="opencart.tests.WishlistTest" name="Test2" time="15.805"/>
  <system-out/>
  <testcase classname="opencart.tests.WishlistTest" name="Test3" time="9.380"/>
  <system-out/>
  <testcase classname="opencart.tests.WishlistTest" name="Test4" time="15.117"/>
  <system-out/>
</testsuite> <!-- opencart.tests.WishlistTest -->
